<?xml version="1.0" encoding="UTF-8" ?>
<testsuite errors="0" failures="0" hostname="boulez" name="com.example.moon.NadaTest" tests="3" time="0.061" timestamp="2012-10-07T12:14:16">
  <properties>
[...]
</properties>
  <testcase classname="com.example.moon.NadaTest" name="testDoNada" time="0.002" />
  <testcase classname="com.example.moon.NadaTest" name="testTwoTimes" time="0.002" />
  <testcase classname="com.example.moon.NadaTest" name="testGetCrap" time="0.0" />
  <system-out><![CDATA[well, you got it. Git it?

doNada: OK
timesTwo: OK

getCrap: OK
]]></system-out>
  <system-err><![CDATA[]]></system-err>
</testsuite>
